#
# There is insufficient memory for the Java Runtime Environment to continue.
# Native memory allocation (mmap) failed to map 1933312 bytes for G1 virtual space
# Possible reasons:
#   The system is out of physical RAM or swap space
#   The process is running with CompressedOops enabled, and the Java Heap may be blocking the growth of the native heap
# Possible solutions:
#   Reduce memory load on the system
#   Increase physical memory or swap space
#   Check if swap backing store is full
#   Decrease Java heap size (-Xmx/-Xms)
#   Decrease number of Java threads
#   Decrease Java thread stack sizes (-Xss)
#   Set larger code cache with -XX:ReservedCodeCacheSize=
#   JVM is running with Unscaled Compressed Oops mode in which the Java heap is
#     placed in the first 4GB address space. The Java Heap base address is the
#     maximum limit for the native heap growth. Please use -XX:HeapBaseMinAddress
#     to set the Java Heap base and to place the Java Heap above 4GB virtual address.
# This output file may be truncated or incomplete.
#
#  Out of Memory Error (os_windows.cpp:3769), pid=8340, tid=14728
#
# JRE version:  (17.0.6) (build )
# Java VM: OpenJDK 64-Bit Server VM (17.0.6+0-b2043.56-10027231, mixed mode, sharing, tiered, compressed oops, compressed class ptrs, g1 gc, windows-amd64)
# No core dump will be written. Minidumps are not enabled by default on client versions of Windows
#

---------------  S U M M A R Y ------------

Command Line: git4idea.http.GitAskPassApp Username for 'https://github.com': 

Host: AMD Ryzen 5 5500U with Radeon Graphics         , 12 cores, 7G,  Windows 11 , 64 bit Build 22621 (10.0.22621.3958)
Time: Sat Oct 19 21:03:03 2024 India Standard Time elapsed time: 0.039974 seconds (0d 0h 0m 0s)

---------------  T H R E A D  ---------------

Current thread (0x0000013f7c3a06e0):  JavaThread "Unknown thread" [_thread_in_vm, id=14728, stack(0x000000116b900000,0x000000116ba00000)]

Stack: [0x000000116b900000,0x000000116ba00000]
Native frames: (J=compiled Java code, j=interpreted, Vv=VM code, C=native code)
V  [jvm.dll+0x683c9a]
V  [jvm.dll+0x8427a4]
V  [jvm.dll+0x843f9e]
V  [jvm.dll+0x844603]
V  [jvm.dll+0x249b75]
V  [jvm.dll+0x680b69]
V  [jvm.dll+0x67505a]
V  [jvm.dll+0x309acb]
V  [jvm.dll+0x310f86]
V  [jvm.dll+0x360918]
V  [jvm.dll+0x360b1f]
V  [jvm.dll+0x2dfbf8]
V  [jvm.dll+0x2e0b64]
V  [jvm.dll+0x814091]
V  [jvm.dll+0x36e6a1]
V  [jvm.dll+0x7f35cc]
V  [jvm.dll+0x3f0e8f]
V  [jvm.dll+0x3f29d1]
C  [jli.dll+0x526b]
C  [ucrtbase.dll+0x29333]
C  [KERNEL32.DLL+0x1257d]
C  [ntdll.dll+0x5af28]


---------------  P R O C E S S  ---------------

Threads class SMR info:
_java_thread_list=0x00007ffec10ac058, length=0, elements={
}

Java Threads: ( => current thread )

Other Threads:
  0x0000013f7c3f90a0 GCTaskThread "GC Thread#0" [stack: 0x000000116ba00000,0x000000116bb00000] [id=12220]
  0x0000013f7c409a70 ConcurrentGCThread "G1 Main Marker" [stack: 0x000000116bb00000,0x000000116bc00000] [id=11360]
  0x0000013f7c40a480 ConcurrentGCThread "G1 Conc#0" [stack: 0x000000116bc00000,0x000000116bd00000] [id=24132]

[error occurred during error reporting (printing all threads), id 0xc0000005, EXCEPTION_ACCESS_VIOLATION (0xc0000005) at pc=0x00007ffec0860797]

VM state: not at safepoint (not fully initialized)

VM Mutex/Monitor currently owned by a thread:  ([mutex/lock_event])
[0x0000013f7c39d5f0] Heap_lock - owner thread: 0x0000013f7c3a06e0

Heap address: 0x000000008ac00000, size: 1876 MB, Compressed Oops mode: 32-bit

CDS archive(s) mapped at: [0x0000000000000000-0x0000000000000000-0x0000000000000000), size 0, SharedBaseAddress: 0x0000000800000000, ArchiveRelocationMode: 0.
Narrow klass base: 0x0000000000000000, Narrow klass shift: 0, Narrow klass range: 0x0

GC Precious Log:
<Empty>

Heap:
 garbage-first heap   total 0K, used 0K [0x000000008ac00000, 0x0000000100000000)
  region size 1024K, 0 young (0K), 0 survivors (0K)

[error occurred during error reporting (printing heap information), id 0xc0000005, EXCEPTION_ACCESS_VIOLATION (0xc0000005) at pc=0x00007ffec0c4da89]

GC Heap History (0 events):
No events

Dll operation events (1 events):
Event: 0.022 Loaded shared library C:\Program Files\Android\Android Studio1\jbr\bin\java.dll

Deoptimization events (0 events):
No events

Classes unloaded (0 events):
No events

Classes redefined (0 events):
No events

Internal exceptions (0 events):
No events

VM Operations (0 events):
No events

Events (0 events):
No events


Dynamic libraries:
0x00007ff7e1dc0000 - 0x00007ff7e1dca000 	C:\Program Files\Android\Android Studio1\jbr\bin\java.exe
0x00007fff20090000 - 0x00007fff202a7000 	C:\WINDOWS\SYSTEM32\ntdll.dll
0x00007fff1f9c0000 - 0x00007fff1fa84000 	C:\WINDOWS\System32\KERNEL32.DLL
0x00007fff1d470000 - 0x00007fff1d81d000 	C:\WINDOWS\System32\KERNELBASE.dll
0x00007fff1da40000 - 0x00007fff1db51000 	C:\WINDOWS\System32\ucrtbase.dll
0x00007fff127e0000 - 0x00007fff127f7000 	C:\Program Files\Android\Android Studio1\jbr\bin\jli.dll
0x00007fff12710000 - 0x00007fff1272b000 	C:\Program Files\Android\Android Studio1\jbr\bin\VCRUNTIME140.dll
0x00007fff1fc70000 - 0x00007fff1fe1e000 	C:\WINDOWS\System32\USER32.dll
0x00007fff1dd90000 - 0x00007fff1ddb6000 	C:\WINDOWS\System32\win32u.dll
0x00007fff04730000 - 0x00007fff049c3000 	C:\WINDOWS\WinSxS\amd64_microsoft.windows.common-controls_6595b64144ccf1df_6.0.22621.3672_none_2713b9d173822955\COMCTL32.dll
0x00007fff20020000 - 0x00007fff20049000 	C:\WINDOWS\System32\GDI32.dll
0x00007fff1fad0000 - 0x00007fff1fb77000 	C:\WINDOWS\System32\msvcrt.dll
0x00007fff1db60000 - 0x00007fff1dc79000 	C:\WINDOWS\System32\gdi32full.dll
0x00007fff1dcf0000 - 0x00007fff1dd8a000 	C:\WINDOWS\System32\msvcp_win.dll
0x00007fff1fa90000 - 0x00007fff1fac1000 	C:\WINDOWS\System32\IMM32.DLL
0x00007fff122f0000 - 0x00007fff122fc000 	C:\Program Files\Android\Android Studio1\jbr\bin\vcruntime140_1.dll
0x00007ffee4a70000 - 0x00007ffee4afd000 	C:\Program Files\Android\Android Studio1\jbr\bin\msvcp140.dll
0x00007ffec0570000 - 0x00007ffec11de000 	C:\Program Files\Android\Android Studio1\jbr\bin\server\jvm.dll
0x00007fff1f070000 - 0x00007fff1f122000 	C:\WINDOWS\System32\ADVAPI32.dll
0x00007fff1ddc0000 - 0x00007fff1de69000 	C:\WINDOWS\System32\sechost.dll
0x00007fff1da10000 - 0x00007fff1da38000 	C:\WINDOWS\System32\bcrypt.dll
0x00007fff1de70000 - 0x00007fff1df84000 	C:\WINDOWS\System32\RPCRT4.dll
0x00007fff168a0000 - 0x00007fff168a9000 	C:\WINDOWS\SYSTEM32\WSOCK32.dll
0x00007fff18f30000 - 0x00007fff18f64000 	C:\WINDOWS\SYSTEM32\WINMM.dll
0x00007fff14690000 - 0x00007fff1469a000 	C:\WINDOWS\SYSTEM32\VERSION.dll
0x00007fff1ffa0000 - 0x00007fff20011000 	C:\WINDOWS\System32\WS2_32.dll
0x00007fff1c400000 - 0x00007fff1c418000 	C:\WINDOWS\SYSTEM32\kernel.appcore.dll
0x00007fff18b90000 - 0x00007fff18b9a000 	C:\Program Files\Android\Android Studio1\jbr\bin\jimage.dll
0x00007fff15a50000 - 0x00007fff15c82000 	C:\WINDOWS\SYSTEM32\DBGHELP.DLL
0x00007fff1ea60000 - 0x00007fff1edee000 	C:\WINDOWS\System32\combase.dll
0x00007fff1ee90000 - 0x00007fff1ef67000 	C:\WINDOWS\System32\OLEAUT32.dll
0x00007fff14fe0000 - 0x00007fff15012000 	C:\WINDOWS\SYSTEM32\dbgcore.DLL
0x00007fff1d990000 - 0x00007fff1da0b000 	C:\WINDOWS\System32\bcryptPrimitives.dll
0x00007fff150d0000 - 0x00007fff150f5000 	C:\Program Files\Android\Android Studio1\jbr\bin\java.dll

dbghelp: loaded successfully - version: 4.0.5 - missing functions: none
symbol engine: initialized successfully - sym options: 0x614 - pdb path: .;C:\Program Files\Android\Android Studio1\jbr\bin;C:\WINDOWS\SYSTEM32;C:\WINDOWS\WinSxS\amd64_microsoft.windows.common-controls_6595b64144ccf1df_6.0.22621.3672_none_2713b9d173822955;C:\Program Files\Android\Android Studio1\jbr\bin\server

VM Arguments:
java_command: git4idea.http.GitAskPassApp Username for 'https://github.com': 
java_class_path (initial): C:/Program Files/Android/Android Studio1/plugins/vcs-git/lib/git4idea-rt.jar;C:/Program Files/Android/Android Studio1/lib/externalProcess-rt.jar;C:/Program Files/Android/Android Studio1/lib/app.jar;C:/Program Files/Android/Android Studio1/lib/3rd-party-rt.jar
Launcher Type: SUN_STANDARD

[Global flags]
     intx CICompilerCount                          = 4                                         {product} {ergonomic}
     uint ConcGCThreads                            = 3                                         {product} {ergonomic}
     uint G1ConcRefinementThreads                  = 10                                        {product} {ergonomic}
   size_t G1HeapRegionSize                         = 1048576                                   {product} {ergonomic}
    uintx GCDrainStackTargetSize                   = 64                                        {product} {ergonomic}
   size_t InitialHeapSize                          = 123731968                                 {product} {ergonomic}
   size_t MarkStackSize                            = 4194304                                   {product} {ergonomic}
   size_t MaxHeapSize                              = 1967128576                                {product} {ergonomic}
   size_t MinHeapDeltaBytes                        = 1048576                                   {product} {ergonomic}
   size_t MinHeapSize                              = 8388608                                   {product} {ergonomic}
    uintx NonNMethodCodeHeapSize                   = 5839372                                {pd product} {ergonomic}
    uintx NonProfiledCodeHeapSize                  = 122909434                              {pd product} {ergonomic}
    uintx ProfiledCodeHeapSize                     = 122909434                              {pd product} {ergonomic}
    uintx ReservedCodeCacheSize                    = 251658240                              {pd product} {ergonomic}
     bool SegmentedCodeCache                       = true                                      {product} {ergonomic}
   size_t SoftMaxHeapSize                          = 1967128576                             {manageable} {ergonomic}
     bool UseCompressedClassPointers               = true                           {product lp64_product} {ergonomic}
     bool UseCompressedOops                        = true                           {product lp64_product} {ergonomic}
     bool UseG1GC                                  = true                                      {product} {ergonomic}
     bool UseLargePagesIndividualAllocation        = false                                  {pd product} {ergonomic}

Logging:
Log output configuration:
 #0: stdout all=warning uptime,level,tags
 #1: stderr all=off uptime,level,tags

Environment Variables:
PATH=C:\Program Files\Git\mingw64\libexec\git-core;C:\Program Files\Git\mingw64\libexec\git-core;C:\Program Files\Git\mingw64\bin;C:\Program Files\Git\usr\bin;C:\Users\smart\bin;C:\Program Files (x86)\Common Files\Oracle\Java\javapath;C:\WINDOWS\system32;C:\WINDOWS;C:\WINDOWS\System32\Wbem;C:\WINDOWS\System32\WindowsPowerShell\v1.0;C:\WINDOWS\System32\OpenSSH;C:\Program Files\MySQL\MySQL Shell 8.0\bin;C:\Users\smart\AppData\Local\Programs\Python\Python312\Scripts;C:\Users\smart\AppData\Local\Programs\Python\Python312;C:\Users\smart\AppData\Local\Microsoft\WindowsApps;C:\Users\smart\AppData\Local\Programs\Microsoft VS Code\bin;C:\MinGW\bin
USERNAME=smart
DISPLAY=:0.0
LC_ALL=en_US.UTF-8
TERM=xterm-256color
TMPDIR=C:\Users\smart\AppData\Local\Temp
OS=Windows_NT
PROCESSOR_IDENTIFIER=AMD64 Family 23 Model 104 Stepping 1, AuthenticAMD
TMP=C:\Users\smart\AppData\Local\Temp
TEMP=C:\Users\smart\AppData\Local\Temp


JNI global refs:

[error occurred during error reporting (JNI global references), id 0xc0000005, EXCEPTION_ACCESS_VIOLATION (0xc0000005) at pc=0x00007ffec0627a10]


---------------  S Y S T E M  ---------------

OS:
 Windows 11 , 64 bit Build 22621 (10.0.22621.3958)
OS uptime: 41 days 0:28 hours

CPU: total 12 (initial active 12) (12 cores per cpu, 2 threads per core) family 23 model 104 stepping 1 microcode 0x0, cx8, cmov, fxsr, ht, mmx, 3dnowpref, sse, sse2, sse3, ssse3, sse4a, sse4.1, sse4.2, popcnt, lzcnt, tsc, tscinvbit, avx, avx2, aes, clmul, bmi1, bmi2, adx, sha, fma, vzeroupper, clflush, clflushopt

Memory: 4k page, system-wide physical 7502M (51M free)
TotalPageFile size 30030M (AvailPageFile size 7M)
current process WorkingSet (physical memory assigned to process): 11M, peak: 11M
current process commit charge ("private bytes"): 184M, peak: 186M

vm_info: OpenJDK 64-Bit Server VM (17.0.6+0-b2043.56-10027231) for windows-amd64 JRE (17.0.6+0-b2043.56-10027231), built on Apr 28 2023 00:43:19 by "androidbuild" with MS VC++ 16.10 / 16.11 (VS2019)

END.
